********************************************************************************
DUPLICATOR-LITE PACKAGE-LOG: 31/12/2021 14:25
NOTICE: Do NOT post to public sites or forums 
********************************************************************************
VERSION:	1.4.3
WORDPRESS:	5.8.2
PHP INFO:	7.4.27 | SAPI: apache2handler
SERVER:		Apache/2.4.52 (Win64) OpenSSL/1.1.1m PHP/7.4.27 
PHP TIME LIMIT: (0) no time limit imposed 
PHP MAX MEMORY: 4294967296 (512M default) 
MEMORY STACK: 8MB

********************************************************************************
DATABASE:
********************************************************************************
BUILD MODE:   MYSQLDUMP
MYSQLTIMEOUT: 5000
MYSQLDUMP:    Is Supported
SQL CREATED: 20211231_fictionaluniversity_5ebfe4402e7e35f54156_20211231142504_database.sql
SQL FILE SIZE: 1.08MB (1132064)
SQL FILE TIME: 2021-12-31 14:25:21
SQL RUNTIME: 3.11 sec.

********************************************************************************
ARCHIVE (ZIP):
********************************************************************************
ARCHIVE DIR:  C:/xampp/htdocs/FictionalUniversity
ARCHIVE FILE: 20211231_fictionaluniversity_5ebfe4402e7e35f54156_20211231142504_archive.zip
FILTERS: *ON*
DIRS:
	C:/xampp/htdocs/FictionalUniversity/wp-content/themes/FictionalUniversity/node_modules
FILES:
	not set
EXTS:  not set
----------------------------------------
COMPRESSING
SIZE:	67.14MB
STATS:	Dirs 423 | Files 3,485
SQL ADDED: 20211231_fictionaluniversity_5ebfe4402e7e35f54156_20211231142504_database.sql
ZipArchive Object
(
    [status] => 0
    [statusSys] => 0
    [numFiles] => 3908
    [filename] => C:\xampp\htdocs\FictionalUniversity\wp-content\backups-dup-lite\tmp\20211231_fictionaluniversity_5ebfe4402e7e35f54156_20211231142504_archive.zip
    [comment] => 
)

FILE ADDED TO ZIP: 3907
COMPRESSION RESULT: '1'
COMPRESSED SIZE: 20.67MB
ARCHIVE RUNTIME: 21.95 sec.
MEMORY STACK: 8MB
building installer
add_extra_files1
add_extra_files2
add_extra_files3
add_extra_files4
Doing archive file check
add_extra_files5
add_extra_files6
add_extra_files8
Successfully opened zip C:/xampp/htdocs/FictionalUniversity/wp-content/backups-dup-lite/tmp/20211231_fictionaluniversity_5ebfe4402e7e35f54156_20211231142504_archive.zip
Adding enhanced installer files to archive using ZipArchive
Installer files added to archive
Added to archive
After ziparchive close when adding installer

********************************************************************************
INTEGRITY CHECKS:
********************************************************************************
SQL FILE: 1.08MB
INSTALLER FILE: 64.27KB
ARCHIVE FILE: 21.65MB 
EXPECTED FILE/DIRECTORY COUNT: 3,908
ACTUAL FILE/DIRECTORY COUNT: 3,907
ARCHIVE CONSISTENCY TEST: Pass

********************************************************************************
RECORD ID:[1]
TOTAL PROCESS RUNTIME: 25.44 sec.
PEAK PHP MEMORY USED: 10MB
DONE PROCESSING => 20211231_fictionaluniversity 31/12/2021 14:25

